PLINK v1.90p 64-bit (21 Feb 2018)
Options in effect:
  --bfile ROI.dbsnp
  --ld-snp rs2273626
  --ld-window 99999
  --ld-window-kb 5000
  --ld-window-r2 0
  --out rs2273626
  --r2

Hostname: login
Working directory: /mnt/bigdata/Genetic/Projects/shg047/rheumatology/RA/he2020/impute/R3/BNC2
Start time: Sun Nov  3 23:27:26 2019

Random number seed: 1572845246
64510 MB RAM detected; reserving 32255 MB for main workspace.
104 variants loaded from .bim file.
2050 people (379 males, 1671 females) loaded from .fam.
2050 phenotype values loaded from .fam.
Using up to 15 threads (change this with --threads).
Before main variant filters, 2050 founders and 0 nonfounders present.
Calculating allele frequencies... done.
104 variants and 2050 people pass filters and QC.
Among remaining phenotypes, 1007 are cases and 1043 are controls.
--r2 to rs2273626.ld ... done.

End time: Sun Nov  3 23:27:26 2019
