PLINK v1.90p 64-bit (21 Feb 2018)
Options in effect:
  --bfile RA2020hapmap2
  --geno 0.1
  --maf 0.01
  --make-bed
  --out RA2020hapmap2Update

Hostname: chg1-lc
Working directory: /mnt/bigdata/Genetic/Projects/shg047/rheumatology/RA/he2020/hapmap
Start time: Sat Sep 21 20:35:37 2019

Random number seed: 1569116137
387577 MB RAM detected; reserving 193788 MB for main workspace.
4275010 variants loaded from .bim file.
2332 people (488 males, 1844 females) loaded from .fam.
2123 phenotype values loaded from .fam.
Using 1 thread (no multithreaded calculations invoked).
Before main variant filters, 2332 founders and 0 nonfounders present.
Calculating allele frequencies... done.
Warning: 141134 het. haploid genotypes present (see RA2020hapmap2Update.hh );
many commands treat these as missing.
Warning: Nonmissing nonmale Y chromosome genotype(s) present; many commands
treat these as missing.
Total genotyping rate is 0.186962.
3793234 variants removed due to missing genotype data (--geno).
1277 variants removed due to minor allele threshold(s)
(--maf/--max-maf/--mac/--max-mac).
480499 variants and 2332 people pass filters and QC.
Among remaining phenotypes, 1078 are cases and 1045 are controls.  (209
phenotypes are missing.)
--make-bed to RA2020hapmap2Update.bed + RA2020hapmap2Update.bim +
RA2020hapmap2Update.fam ... done.

End time: Sat Sep 21 20:35:43 2019
