PLINK v2.00a2LM 64-bit Intel (17 Jun 2019)
Options in effect:
  --bfile /home/guosa/hpc/db/hapmap2/hapmap2.hg19.deking
  --exclude RA2020hapmap2-merge.missnp
  --make-bed
  --max-alleles 2
  --out hapmap2.hg19

Hostname: chg1-lc
Working directory: /mnt/bigdata/Genetic/Projects/shg047/rheumatology/RA/he2020/hapmap
Start time: Sat Sep 21 19:49:19 2019

Random number seed: 1569113359
387577 MiB RAM detected; reserving 193788 MiB for main workspace.
Using up to 32 threads (change this with --threads).
209 samples (104 females, 105 males; 209 founders) loaded from
/home/guosa/hpc/db/hapmap2/hapmap2.hg19.deking.fam.
3975686 variants loaded from
/home/guosa/hpc/db/hapmap2/hapmap2.hg19.deking.bim.
Note: No phenotype data present.
--exclude: 3973471 variants remaining.
3973471 variants remaining after main filters.
Writing hapmap2.hg19.fam ... done.
Writing hapmap2.hg19.bim ... done.
Writing hapmap2.hg19.bed ... done.

End time: Sat Sep 21 19:49:23 2019
