PLINK v2.00a2LM 64-bit Intel (17 Jun 2019)
Options in effect:
  --bfile RA2020hapmap2UpdatePCA
  --pca
  --threads 31

Hostname: chg1-lc
Working directory: /mnt/bigdata/Genetic/Projects/shg047/rheumatology/RA/he2020/hapmap
Start time: Sat Sep 21 20:35:51 2019

Random number seed: 1569116151
387577 MiB RAM detected; reserving 193788 MiB for main workspace.
Using up to 31 threads (change this with --threads).
2332 samples (1844 females, 488 males; 2332 founders) loaded from
RA2020hapmap2UpdatePCA.fam.
480499 variants loaded from RA2020hapmap2UpdatePCA.bim.
1 binary phenotype loaded (1078 cases, 1045 controls).
Calculating allele frequencies... done.
Excluding 16138 variants on non-autosomes from GRM construction.
Constructing GRM: done.
Correcting for missingness... done.
Excluding 16138 variants on non-autosomes from PCA.
Extracting eigenvalues and eigenvectors... done.
--pca: Eigenvectors written to plink2.eigenvec , and eigenvalues written to
plink2.eigenval .

End time: Sat Sep 21 20:36:14 2019
