PLINK v1.90p 64-bit (21 Feb 2018)
Options in effect:
  --adjust
  --assoc mperm=1000000
  --bfile RA.dose.dbSNP.miRNA.hg19
  --out rs2273626
  --snp rs2620381
  --threads 10

Hostname: login
Working directory: /mnt/bigdata/Genetic/Projects/shg047/rheumatology/RA/he2020/impute/R3/miRNA
Start time: Sat Oct 26 20:39:27 2019

Random number seed: 1572140367
64510 MB RAM detected; reserving 32255 MB for main workspace.
1 out of 104 variants loaded from .bim file.
2050 people (379 males, 1671 females) loaded from .fam.
2050 phenotype values loaded from .fam.
Using up to 10 threads (change this with --threads).
Before main variant filters, 2050 founders and 0 nonfounders present.
Calculating allele frequencies... done.
1 variant and 2050 people pass filters and QC.
Among remaining phenotypes, 1007 are cases and 1043 are controls.
Writing C/C --assoc report to rs2273626.assoc ... done.
--adjust: Genomic inflation est. lambda (based on median chisq) = 15.2827.
--adjust values (1 variant) written to rs2273626.assoc.adjusted .
1000000 max(T) permutations complete.
Permutation test report written to rs2273626.assoc.mperm .

End time: Sat Oct 26 20:40:04 2019
